C:\DOCUMENTS AND SETTINGS\ZUOKONGXIAO\桌面\PARSER_HEX\HEX_REC\DEBUG\HEX_REC.EXE
C:\DOCUMENTS AND SETTINGS\ZUOKONGXIAO\桌面\PARSER_HEX\HEX_REC\DEBUG\HEX_REC.ILK
C:\DOCUMENTS AND SETTINGS\ZUOKONGXIAO\桌面\PARSER_HEX\HEX_REC\DEBUG\HEX_REC.PDB
C:\DOCUMENTS AND SETTINGS\ZUOKONGXIAO\桌面\PARSER_HEX\HEX_REC\HEX_REC\DEBUG\HEX_REC.EXE.EMBED.MANIFEST
C:\DOCUMENTS AND SETTINGS\ZUOKONGXIAO\桌面\PARSER_HEX\HEX_REC\HEX_REC\DEBUG\HEX_REC.EXE.EMBED.MANIFEST.RES
C:\DOCUMENTS AND SETTINGS\ZUOKONGXIAO\桌面\PARSER_HEX\HEX_REC\HEX_REC\DEBUG\HEX_REC.EXE.INTERMEDIATE.MANIFEST
C:\DOCUMENTS AND SETTINGS\ZUOKONGXIAO\桌面\PARSER_HEX\HEX_REC\HEX_REC\DEBUG\HEX_REC.OBJ
C:\DOCUMENTS AND SETTINGS\ZUOKONGXIAO\桌面\PARSER_HEX\HEX_REC\HEX_REC\DEBUG\HEX_REC.PCH
C:\DOCUMENTS AND SETTINGS\ZUOKONGXIAO\桌面\PARSER_HEX\HEX_REC\HEX_REC\DEBUG\PARSER_HEX.OBJ
C:\DOCUMENTS AND SETTINGS\ZUOKONGXIAO\桌面\PARSER_HEX\HEX_REC\HEX_REC\DEBUG\STDAFX.OBJ
C:\DOCUMENTS AND SETTINGS\ZUOKONGXIAO\桌面\PARSER_HEX\HEX_REC\HEX_REC\DEBUG\VC100.PDB
E:\ZUOKONG\VS_PROJECT\HEX_REC\DEBUG\HEX_REC.EXE
E:\ZUOKONG\VS_PROJECT\HEX_REC\DEBUG\HEX_REC.ILK
E:\ZUOKONG\VS_PROJECT\HEX_REC\DEBUG\HEX_REC.PDB
E:\zuokong\vs_project\hex_rec\hex_rec\Debug\cl.command.1.tlog
E:\zuokong\vs_project\hex_rec\hex_rec\Debug\CL.read.1.tlog
E:\zuokong\vs_project\hex_rec\hex_rec\Debug\CL.write.1.tlog
E:\ZUOKONG\VS_PROJECT\HEX_REC\HEX_REC\DEBUG\CRC16.OBJ
E:\zuokong\vs_project\hex_rec\hex_rec\Debug\hex_rec.exe.embed.manifest
E:\ZUOKONG\VS_PROJECT\HEX_REC\HEX_REC\DEBUG\HEX_REC.EXE.EMBED.MANIFEST.RES
E:\ZUOKONG\VS_PROJECT\HEX_REC\HEX_REC\DEBUG\HEX_REC.EXE.INTERMEDIATE.MANIFEST
E:\ZUOKONG\VS_PROJECT\HEX_REC\HEX_REC\DEBUG\HEX_REC.OBJ
E:\ZUOKONG\VS_PROJECT\HEX_REC\HEX_REC\DEBUG\HEX_REC.PCH
E:\zuokong\vs_project\hex_rec\hex_rec\Debug\hex_rec_manifest.rc
E:\zuokong\vs_project\hex_rec\hex_rec\Debug\link.3676.read.1.tlog
E:\zuokong\vs_project\hex_rec\hex_rec\Debug\link.3676.write.1.tlog
E:\zuokong\vs_project\hex_rec\hex_rec\Debug\link.3676-cvtres.read.1.tlog
E:\zuokong\vs_project\hex_rec\hex_rec\Debug\link.3676-cvtres.write.1.tlog
E:\zuokong\vs_project\hex_rec\hex_rec\Debug\link.4712.read.1.tlog
E:\zuokong\vs_project\hex_rec\hex_rec\Debug\link.4712.write.1.tlog
E:\zuokong\vs_project\hex_rec\hex_rec\Debug\link.4712-cvtres.read.1.tlog
E:\zuokong\vs_project\hex_rec\hex_rec\Debug\link.4712-cvtres.write.1.tlog
E:\zuokong\vs_project\hex_rec\hex_rec\Debug\link.5340.read.1.tlog
E:\zuokong\vs_project\hex_rec\hex_rec\Debug\link.5340.write.1.tlog
E:\zuokong\vs_project\hex_rec\hex_rec\Debug\link.5340-cvtres.read.1.tlog
E:\zuokong\vs_project\hex_rec\hex_rec\Debug\link.5340-cvtres.write.1.tlog
E:\zuokong\vs_project\hex_rec\hex_rec\Debug\link.command.1.tlog
E:\zuokong\vs_project\hex_rec\hex_rec\Debug\link.read.1.tlog
E:\zuokong\vs_project\hex_rec\hex_rec\Debug\link.write.1.tlog
E:\zuokong\vs_project\hex_rec\hex_rec\Debug\link-cvtres.read.1.tlog
E:\zuokong\vs_project\hex_rec\hex_rec\Debug\link-cvtres.write.1.tlog
E:\zuokong\vs_project\hex_rec\hex_rec\Debug\mt.command.1.tlog
E:\zuokong\vs_project\hex_rec\hex_rec\Debug\mt.read.1.tlog
E:\zuokong\vs_project\hex_rec\hex_rec\Debug\mt.write.1.tlog
E:\ZUOKONG\VS_PROJECT\HEX_REC\HEX_REC\DEBUG\PARSER_HEX.OBJ
E:\zuokong\vs_project\hex_rec\hex_rec\Debug\rc.command.1.tlog
E:\zuokong\vs_project\hex_rec\hex_rec\Debug\rc.read.1.tlog
E:\zuokong\vs_project\hex_rec\hex_rec\Debug\rc.write.1.tlog
E:\ZUOKONG\VS_PROJECT\HEX_REC\HEX_REC\DEBUG\STDAFX.OBJ
E:\zuokong\vs_project\hex_rec\hex_rec\Debug\vc100.idb
E:\ZUOKONG\VS_PROJECT\HEX_REC\HEX_REC\DEBUG\VC100.PDB
